Save database : Modification by user
Save repository element : DATA_TARGET : Modification by user
Save database : Modification by user
Save repository element : DATA_TARGET : Modification by user
Save database : Modification by user
Save repository element : DATA_TARGET_DEFAULT : Modification by user
Save database : Modification by user
Save repository element : DATA_TARGET : Modification by user
Save database : Modification by user
Save repository element : DATA_TARGET : Modification by user
Save database : Modification by user
Save repository element : DATA_TARGET : Modification by user
Save database : Modification by user
Save repository element : DATA_TARGET : Modification by user
Save database : Modification by user
Save repository element : DATA_TARGET : Modification by user
Save database : Modification by user
Save repository element : DATA_TARGET : Modification by user
Save database : Modification by user
Save repository element : ${JOURNAL_SOURCE_DB_NAME} : Modification by user
Save database : Modification by user
Save repository element : ${JOURNAL_SOURCE_DB_NAME} : Modification by user
Save database : Modification by user
Save repository element : ADEMPIERE : Modification by user
Save database : Modification by user
Save repository element : ADEMPIERE : Modification by user
Save database : Modification by user
Save repository element : ADEMPIERE : Modification by user
Save database : Modification by user
Save repository element : ADEMPIERE : Modification by user
Save database : Modification by user
Save repository element : ADEMPIERE : Modification by user
Save database : Modification by user
Save repository element : ADEMPIERE : Modification by user
Save database : Modification by user
Save repository element : ADEMPIERE : Modification by user
Save database : Modification by user
Save repository element : ADEMPIERE : Modification by user
Save database : Modification by user
Save repository element : ADEMPIERE : Modification by user
Save database : Modification by user
Save repository element : ADEMPIERE : Modification by user
Save database : Modification by user
Save repository element : ADEMPIERE : Modification by user
Save database : Modification by user
Save repository element : ADEMPIERE : Modification by user
Save database : Modification by user
Save repository element : ADEMPIERE : Modification by user
Save database : Modification by user
Save repository element : ADEMPIERE : Modification by user
Save database : Modification by user
Save repository element : ADEMPIERE : Modification by user
Save database : Modification by user
Save repository element : ADEMPIERE : Modification by user
